=======================================================
2025-10-20 02:39:02 - FileFlow Activated. Monitoring 'C:\Users\mahaj\OneDrive\Documents\WatchFolder'.
2025-10-20 02:39:47 - INFO: Scan detected 6 new file(s).
2025-10-20 02:39:47 - INFO: Detected and locked 'Adil ki file.docx' for processing.
2025-10-20 02:39:49 - SUCCESS: Converted and moved 'Adil ki file.docx'.
2025-10-20 02:39:49 - INFO: Detected and locked 'Front pages Cc.docx' for processing.
2025-10-20 02:39:54 - SUCCESS: Converted and moved 'Front pages Cc.docx'.
2025-10-20 02:39:54 - INFO: Detected and locked 'Mathematical modeling j.docx' for processing.
2025-10-20 02:39:59 - SUCCESS: Converted and moved 'Mathematical modeling j.docx'.
2025-10-20 02:39:59 - INFO: Detected and locked 'Mathematical Modeling1.docx' for processing.
2025-10-20 02:40:01 - SUCCESS: Converted and moved 'Mathematical Modeling1.docx'.
2025-10-20 02:40:01 - INFO: Detected and locked 'Mathematical modelling major.docx' for processing.
2025-10-20 02:40:03 - SUCCESS: Converted and moved 'Mathematical modelling major.docx'.
2025-10-20 02:40:03 - INFO: Detected and locked 'My Experience with the Design Your Degree Program.docx' for processing.
2025-10-20 02:40:05 - SUCCESS: Converted and moved 'My Experience with the Design Your Degree Program.docx'.
2025-10-20 02:40:05 - INFO: Batch complete.
=======================================================
2025-10-20 02:53:58 - FileFlow Activated. Monitoring 'C:\Users\mahaj\OneDrive\Documents\WatchFolder'.
2025-10-20 02:55:43 - INFO: Scan detected 6 new file(s).
2025-10-20 02:55:43 - INFO: Detected and locked 'Adil ki file.docx' for processing.
2025-10-20 02:55:51 - SUCCESS: Converted and moved 'Adil ki file.docx'.
2025-10-20 02:55:51 - INFO: Detected and locked 'Front pages Cc.docx' for processing.
2025-10-20 02:55:56 - SUCCESS: Converted and moved 'Front pages Cc.docx'.
2025-10-20 02:55:56 - INFO: Detected and locked 'Mathematical modeling j.docx' for processing.
2025-10-20 02:56:27 - SUCCESS: Converted and moved 'Mathematical modeling j.docx'.
2025-10-20 02:56:27 - INFO: Detected and locked 'Mathematical Modeling1.docx' for processing.
2025-10-20 02:56:31 - SUCCESS: Converted and moved 'Mathematical Modeling1.docx'.
2025-10-20 02:56:31 - INFO: Detected and locked 'Mathematical modelling major.docx' for processing.
2025-10-20 02:56:34 - SUCCESS: Converted and moved 'Mathematical modelling major.docx'.
2025-10-20 02:56:34 - INFO: Detected and locked 'My Experience with the Design Your Degree Program.docx' for processing.
2025-10-20 02:56:40 - SUCCESS: Converted and moved 'My Experience with the Design Your Degree Program.docx'.
2025-10-20 02:56:40 - INFO: Batch complete.
2025-10-20 02:57:55 - INFO: Scan detected 1 new file(s).
2025-10-20 02:57:55 - INFO: Detected and locked 'NDA Mahek.docx' for processing.
2025-10-20 02:58:04 - SUCCESS: Converted and moved 'NDA Mahek.docx'.
2025-10-20 02:58:04 - INFO: Batch complete.
2025-10-20 02:58:19 - INFO: Scan detected 1 new file(s).
2025-10-20 02:58:19 - INFO: Detected and locked 'NDA Mahek.docx' for processing.
2025-10-20 02:58:25 - SUCCESS: Converted and moved 'NDA Mahek.docx'.
2025-10-20 02:58:25 - INFO: Batch complete.
=======================================================
2025-10-20 03:04:35 - FileFlow Activated. Monitoring 'C:\Users\mahaj\OneDrive\Documents\WatchFolder'.
2025-10-20 03:05:35 - INFO: Scan detected 1 new file(s).
2025-10-20 03:05:35 - INFO: Detected and locked 'NDA Mahek.docx' for processing.
2025-10-20 03:05:45 - SUCCESS: Converted and moved 'NDA Mahek.docx'.
2025-10-20 03:05:45 - INFO: Batch complete.
2025-10-20 03:06:30 - INFO: Scan detected 1 new file(s).
2025-10-20 03:06:30 - INFO: Detected and locked 'YogiFi Case - PSC.docx' for processing.
2025-10-20 03:06:32 - SUCCESS: Converted and moved 'YogiFi Case - PSC.docx'.
2025-10-20 03:06:32 - INFO: Batch complete.
=======================================================
2025-10-20 11:48:20 - FileFlow Activated. Monitoring 'C:\Users\mahaj\OneDrive\Documents\WatchFolder'.
2025-10-20 11:48:21 - INFO: Scan detected 1 new file(s).
2025-10-20 11:48:21 - INFO: Detected and locked 'Adil ki file.docx' for processing.
2025-10-20 11:48:31 - SUCCESS: Converted and moved 'Adil ki file.docx'.
2025-10-20 11:48:31 - INFO: Batch complete.
